TN:
SF:src\components\button.js
FN:51,CustomButton
FN:56,render
FNF:2
FNH:2
FNDA:63,CustomButton
FNDA:63,render
DA:1,8
DA:2,8
DA:3,8
DA:4,8
DA:5,8
DA:6,8
DA:7,8
DA:8,8
DA:9,8
DA:10,8
DA:11,8
DA:12,8
DA:13,8
DA:14,8
DA:15,8
DA:16,8
DA:17,8
DA:18,8
DA:19,8
DA:20,8
DA:21,8
DA:22,8
DA:23,8
DA:24,8
DA:25,8
DA:26,8
DA:27,8
DA:28,8
DA:29,8
DA:30,8
DA:31,8
DA:32,8
DA:33,8
DA:34,8
DA:35,8
DA:36,8
DA:37,8
DA:38,8
DA:39,8
DA:40,8
DA:41,8
DA:42,8
DA:43,8
DA:44,8
DA:45,8
DA:46,8
DA:47,8
DA:48,8
DA:49,8
DA:50,8
DA:51,8
DA:52,63
DA:53,63
DA:54,63
DA:55,8
DA:56,8
DA:57,63
DA:58,63
DA:59,63
DA:60,63
DA:61,63
DA:62,63
DA:63,8
DA:64,8
DA:65,8
LF:65
LH:65
BRDA:51,0,0,63
BRDA:56,1,0,63
BRF:2
BRH:2
end_of_record
TN:
SF:src\components\card.js
FN:55,CustomCard
FN:63,render
FN:85,_edit
FN:94,_delete
FNF:4
FNH:4
FNDA:13,CustomCard
FNDA:13,render
FNDA:1,_edit
FNDA:1,_delete
DA:1,2
DA:2,2
DA:3,2
DA:4,2
DA:5,2
DA:6,2
DA:7,2
DA:8,2
DA:9,2
DA:10,2
DA:11,2
DA:12,2
DA:13,2
DA:14,2
DA:15,2
DA:16,2
DA:17,2
DA:18,2
DA:19,2
DA:20,2
DA:21,2
DA:22,2
DA:23,2
DA:24,2
DA:25,2
DA:26,2
DA:27,2
DA:28,2
DA:29,2
DA:30,2
DA:31,2
DA:32,2
DA:33,2
DA:34,2
DA:35,2
DA:36,2
DA:37,2
DA:38,2
DA:39,2
DA:40,2
DA:41,2
DA:42,2
DA:43,2
DA:44,2
DA:45,2
DA:46,2
DA:47,2
DA:48,2
DA:49,2
DA:50,2
DA:51,2
DA:52,2
DA:53,2
DA:54,2
DA:55,2
DA:56,13
DA:57,13
DA:58,13
DA:59,13
DA:60,13
DA:61,13
DA:62,2
DA:63,2
DA:64,13
DA:65,13
DA:66,13
DA:67,13
DA:68,96
DA:69,96
DA:70,96
DA:71,96
DA:72,13
DA:73,13
DA:74,13
DA:75,13
DA:76,13
DA:77,13
DA:78,13
DA:79,13
DA:80,13
DA:81,13
DA:82,13
DA:83,13
DA:84,2
DA:85,2
DA:86,1
DA:87,1
DA:88,1
DA:89,1
DA:90,1
DA:91,1
DA:92,1
DA:93,2
DA:94,2
DA:95,1
DA:96,1
DA:97,1
DA:98,1
DA:99,1
DA:100,1
DA:101,1
DA:102,2
DA:103,2
DA:104,2
LF:104
LH:104
BRDA:55,0,0,13
BRDA:63,1,0,13
BRDA:67,2,0,96
BRDA:71,3,0,48
BRDA:71,4,0,48
BRDA:85,5,0,1
BRDA:94,6,0,1
BRF:7
BRH:7
end_of_record
TN:
SF:src\components\checkbox.js
FN:58,CustomCheckbox
FN:64,render
FN:76,_change
FNF:3
FNH:2
FNDA:73,CustomCheckbox
FNDA:103,render
FNDA:0,_change
DA:1,2
DA:2,2
DA:3,2
DA:4,2
DA:5,2
DA:6,2
DA:7,2
DA:8,2
DA:9,2
DA:10,2
DA:11,2
DA:12,2
DA:13,2
DA:14,2
DA:15,2
DA:16,2
DA:17,2
DA:18,2
DA:19,2
DA:20,2
DA:21,2
DA:22,2
DA:23,2
DA:24,2
DA:25,2
DA:26,2
DA:27,2
DA:28,2
DA:29,2
DA:30,2
DA:31,2
DA:32,2
DA:33,2
DA:34,2
DA:35,2
DA:36,2
DA:37,2
DA:38,2
DA:39,2
DA:40,2
DA:41,2
DA:42,2
DA:43,2
DA:44,2
DA:45,2
DA:46,2
DA:47,2
DA:48,2
DA:49,2
DA:50,2
DA:51,2
DA:52,2
DA:53,2
DA:54,2
DA:55,2
DA:56,2
DA:57,2
DA:58,2
DA:59,73
DA:60,73
DA:61,73
DA:62,73
DA:63,2
DA:64,2
DA:65,103
DA:66,103
DA:67,103
DA:68,103
DA:69,103
DA:70,103
DA:71,103
DA:72,103
DA:73,103
DA:74,103
DA:75,2
DA:76,2
DA:77,0
DA:78,0
DA:79,0
DA:80,0
DA:81,0
DA:82,0
DA:83,0
DA:84,0
DA:85,2
DA:86,2
DA:87,2
LF:87
LH:79
BRDA:58,0,0,73
BRDA:64,1,0,103
BRF:2
BRH:2
end_of_record
TN:
SF:src\components\dateSelector.js
FN:24,CustomDateSelector
FN:31,updated
FN:38,render
FNF:3
FNH:3
FNDA:16,CustomDateSelector
FNDA:16,updated
FNDA:16,render
DA:1,4
DA:2,4
DA:3,4
DA:4,4
DA:5,4
DA:6,4
DA:7,4
DA:8,4
DA:9,4
DA:10,4
DA:11,4
DA:12,4
DA:13,4
DA:14,4
DA:15,4
DA:16,4
DA:17,4
DA:18,4
DA:19,4
DA:20,4
DA:21,4
DA:22,4
DA:23,4
DA:24,4
DA:25,16
DA:26,16
DA:27,16
DA:28,16
DA:29,16
DA:30,4
DA:31,4
DA:32,16
DA:33,2
DA:34,2
DA:35,2
DA:36,16
DA:37,4
DA:38,4
DA:39,16
DA:40,16
DA:41,16
DA:42,16
DA:43,16
DA:44,16
DA:45,16
DA:46,16
DA:47,16
DA:48,16
DA:49,16
DA:50,16
DA:51,4
DA:52,4
DA:53,0
DA:54,0
DA:55,0
DA:56,0
DA:57,0
DA:58,0
DA:59,0
DA:60,0
DA:61,4
DA:62,4
DA:63,4
LF:63
LH:55
BRDA:24,0,0,16
BRDA:31,1,0,16
BRDA:32,2,0,2
BRDA:38,3,0,16
BRDA:42,4,0,2
BRDA:42,5,0,14
BRF:6
BRH:6
end_of_record
TN:
SF:src\components\input.js
FN:26,CustomInput
FN:32,render
FN:43,_change
FNF:3
FNH:2
FNDA:32,CustomInput
FNDA:32,render
FNDA:0,_change
DA:1,4
DA:2,4
DA:3,4
DA:4,4
DA:5,4
DA:6,4
DA:7,4
DA:8,4
DA:9,4
DA:10,4
DA:11,4
DA:12,4
DA:13,4
DA:14,4
DA:15,4
DA:16,4
DA:17,4
DA:18,4
DA:19,4
DA:20,4
DA:21,4
DA:22,4
DA:23,4
DA:24,4
DA:25,4
DA:26,4
DA:27,32
DA:28,32
DA:29,32
DA:30,32
DA:31,4
DA:32,4
DA:33,32
DA:34,32
DA:35,32
DA:36,32
DA:37,32
DA:38,32
DA:39,32
DA:40,32
DA:41,32
DA:42,4
DA:43,4
DA:44,0
DA:45,0
DA:46,0
DA:47,0
DA:48,0
DA:49,0
DA:50,0
DA:51,4
DA:52,4
DA:53,4
LF:53
LH:46
BRDA:26,0,0,32
BRDA:32,1,0,32
BRF:2
BRH:2
end_of_record
TN:
SF:src\components\popup.js
FN:64,CustomPopup
FN:71,render
FN:95,_confirm
FN:104,_cancel
FN:113,_cancelOutside
FNF:5
FNH:5
FNDA:11,CustomPopup
FNDA:12,render
FNDA:1,_confirm
FNDA:2,_cancel
FNDA:3,_cancelOutside
DA:1,2
DA:2,2
DA:3,2
DA:4,2
DA:5,2
DA:6,2
DA:7,2
DA:8,2
DA:9,2
DA:10,2
DA:11,2
DA:12,2
DA:13,2
DA:14,2
DA:15,2
DA:16,2
DA:17,2
DA:18,2
DA:19,2
DA:20,2
DA:21,2
DA:22,2
DA:23,2
DA:24,2
DA:25,2
DA:26,2
DA:27,2
DA:28,2
DA:29,2
DA:30,2
DA:31,2
DA:32,2
DA:33,2
DA:34,2
DA:35,2
DA:36,2
DA:37,2
DA:38,2
DA:39,2
DA:40,2
DA:41,2
DA:42,2
DA:43,2
DA:44,2
DA:45,2
DA:46,2
DA:47,2
DA:48,2
DA:49,2
DA:50,2
DA:51,2
DA:52,2
DA:53,2
DA:54,2
DA:55,2
DA:56,2
DA:57,2
DA:58,2
DA:59,2
DA:60,2
DA:61,2
DA:62,2
DA:63,2
DA:64,2
DA:65,11
DA:66,11
DA:67,11
DA:68,11
DA:69,11
DA:70,2
DA:71,2
DA:72,12
DA:73,5
DA:74,5
DA:75,5
DA:76,5
DA:77,5
DA:78,5
DA:79,5
DA:80,5
DA:81,5
DA:82,5
DA:83,5
DA:84,5
DA:85,5
DA:86,5
DA:87,7
DA:88,7
DA:89,7
DA:90,7
DA:91,7
DA:92,7
DA:93,12
DA:94,2
DA:95,2
DA:96,1
DA:97,1
DA:98,1
DA:99,1
DA:100,1
DA:101,1
DA:102,1
DA:103,2
DA:104,2
DA:105,2
DA:106,2
DA:107,2
DA:108,2
DA:109,2
DA:110,2
DA:111,2
DA:112,2
DA:113,2
DA:114,3
DA:115,3
DA:116,3
DA:117,1
DA:118,1
DA:119,3
DA:120,2
DA:121,2
DA:122,2
LF:122
LH:122
BRDA:64,0,0,11
BRDA:71,1,0,12
BRDA:72,2,0,5
BRDA:86,3,0,7
BRDA:95,4,0,1
BRDA:104,5,0,2
BRDA:113,6,0,3
BRDA:114,7,0,0
BRDA:116,8,0,1
BRF:9
BRH:8
end_of_record
TN:
SF:src\components\select.js
FN:75,CustomSelect
FN:80,CustomSelect.displayText
FN:86,connectedCallback
FN:91,disconnectedCallback
FN:96,updated
FN:104,render
FN:146,_selectOption
FN:157,_clear
FN:168,_toggleOptions
FNF:9
FNH:8
FNDA:27,CustomSelect
FNDA:27,CustomSelect.displayText
FNDA:27,connectedCallback
FNDA:27,disconnectedCallback
FNDA:63,updated
FNDA:63,render
FNDA:1,_selectOption
FNDA:0,_clear
FNDA:5,_toggleOptions
DA:1,5
DA:2,5
DA:3,5
DA:4,5
DA:5,5
DA:6,5
DA:7,5
DA:8,5
DA:9,5
DA:10,5
DA:11,5
DA:12,5
DA:13,5
DA:14,5
DA:15,5
DA:16,5
DA:17,5
DA:18,5
DA:19,5
DA:20,5
DA:21,5
DA:22,5
DA:23,5
DA:24,5
DA:25,5
DA:26,5
DA:27,5
DA:28,5
DA:29,5
DA:30,5
DA:31,5
DA:32,5
DA:33,5
DA:34,5
DA:35,5
DA:36,5
DA:37,5
DA:38,5
DA:39,5
DA:40,5
DA:41,5
DA:42,5
DA:43,5
DA:44,5
DA:45,5
DA:46,5
DA:47,5
DA:48,5
DA:49,5
DA:50,5
DA:51,5
DA:52,5
DA:53,5
DA:54,5
DA:55,5
DA:56,5
DA:57,5
DA:58,5
DA:59,5
DA:60,5
DA:61,5
DA:62,5
DA:63,5
DA:64,5
DA:65,5
DA:66,5
DA:67,5
DA:68,5
DA:69,5
DA:70,5
DA:71,5
DA:72,5
DA:73,5
DA:74,5
DA:75,5
DA:76,27
DA:77,27
DA:78,27
DA:79,27
DA:80,27
DA:81,27
DA:82,27
DA:83,27
DA:84,27
DA:85,5
DA:86,5
DA:87,27
DA:88,27
DA:89,27
DA:90,5
DA:91,5
DA:92,27
DA:93,27
DA:94,27
DA:95,5
DA:96,5
DA:97,63
DA:98,29
DA:99,29
DA:100,29
DA:101,29
DA:102,63
DA:103,5
DA:104,5
DA:105,63
DA:106,63
DA:107,63
DA:108,63
DA:109,63
DA:110,63
DA:111,63
DA:112,63
DA:113,63
DA:114,63
DA:115,63
DA:116,63
DA:117,4
DA:118,4
DA:119,4
DA:120,4
DA:121,4
DA:122,8
DA:123,8
DA:124,4
DA:125,4
DA:126,4
DA:127,2
DA:128,2
DA:129,2
DA:130,2
DA:131,2
DA:132,2
DA:133,2
DA:134,2
DA:135,4
DA:136,59
DA:137,59
DA:138,59
DA:139,59
DA:140,63
DA:141,63
DA:142,63
DA:143,63
DA:144,63
DA:145,5
DA:146,5
DA:147,1
DA:148,1
DA:149,1
DA:150,1
DA:151,1
DA:152,1
DA:153,1
DA:154,1
DA:155,1
DA:156,5
DA:157,5
DA:158,0
DA:159,0
DA:160,0
DA:161,0
DA:162,0
DA:163,0
DA:164,0
DA:165,0
DA:166,0
DA:167,5
DA:168,5
DA:169,5
DA:170,5
DA:171,5
DA:172,5
DA:173,13
DA:174,13
DA:175,7
DA:176,7
DA:177,13
DA:178,5
DA:179,5
DA:180,5
LF:180
LH:171
BRDA:75,0,0,27
BRDA:80,1,0,27
BRDA:86,2,0,27
BRDA:91,3,0,27
BRDA:96,4,0,63
BRDA:97,5,0,29
BRDA:97,6,0,29
BRDA:98,7,0,55
BRDA:100,8,0,19
BRDA:104,9,0,63
BRDA:116,10,0,4
BRDA:172,11,0,13
BRDA:173,12,0,0
BRDA:97,13,0,29
BRDA:98,14,0,19
BRDA:100,15,0,19
BRDA:174,16,0,7
BRDA:126,17,0,2
BRDA:131,18,0,2
BRDA:135,19,0,59
BRDA:121,20,0,8
BRDA:122,21,0,1
BRDA:146,22,0,1
BRDA:168,23,0,5
BRF:24
BRH:23
end_of_record
TN:
SF:src\components\form\form.js
FN:26,CustomForm
FN:38,updated
FN:55,render
FN:80,_renderItem
FN:117,_fieldChange
FN:123,_validateField
FN:144,_validateFields
FN:158,_save
FN:171,_cancel
FNF:9
FNH:8
FNDA:12,CustomForm
FNDA:20,updated
FNDA:20,render
FNDA:128,_renderItem
FNDA:0,_fieldChange
FNDA:16,_validateField
FNDA:2,_validateFields
FNDA:2,_save
FNDA:1,_cancel
DA:1,4
DA:2,4
DA:3,4
DA:4,4
DA:5,4
DA:6,4
DA:7,4
DA:8,4
DA:9,4
DA:10,4
DA:11,4
DA:12,4
DA:13,4
DA:14,4
DA:15,4
DA:16,4
DA:17,4
DA:18,4
DA:19,4
DA:20,4
DA:21,4
DA:22,4
DA:23,4
DA:24,4
DA:25,4
DA:26,4
DA:27,12
DA:28,12
DA:29,12
DA:30,12
DA:31,12
DA:32,12
DA:33,12
DA:34,12
DA:35,12
DA:36,12
DA:37,4
DA:38,4
DA:39,20
DA:40,8
DA:41,8
DA:42,8
DA:43,8
DA:44,64
DA:45,64
DA:46,64
DA:47,64
DA:48,8
DA:49,8
DA:50,8
DA:51,8
DA:52,20
DA:53,4
DA:54,4
DA:55,4
DA:56,20
DA:57,20
DA:58,20
DA:59,20
DA:60,128
DA:61,128
DA:62,128
DA:63,128
DA:64,128
DA:65,128
DA:66,128
DA:67,20
DA:68,20
DA:69,20
DA:70,20
DA:71,20
DA:72,20
DA:73,20
DA:74,20
DA:75,20
DA:76,20
DA:77,20
DA:78,20
DA:79,4
DA:80,4
DA:81,128
DA:82,128
DA:83,128
DA:84,64
DA:85,64
DA:86,64
DA:87,64
DA:88,64
DA:89,64
DA:90,64
DA:91,128
DA:92,128
DA:93,128
DA:94,32
DA:95,32
DA:96,32
DA:97,32
DA:98,32
DA:99,32
DA:100,32
DA:101,128
DA:102,128
DA:103,128
DA:104,32
DA:105,32
DA:106,32
DA:107,32
DA:108,32
DA:109,32
DA:110,32
DA:111,32
DA:112,128
DA:113,128
DA:114,128
DA:115,128
DA:116,4
DA:117,4
DA:118,0
DA:119,0
DA:120,0
DA:121,0
DA:122,4
DA:123,4
DA:124,16
DA:125,16
DA:126,16
DA:127,19
DA:128,19
DA:129,19
DA:130,19
DA:131,8
DA:132,8
DA:133,8
DA:134,8
DA:135,11
DA:136,11
DA:137,11
DA:138,11
DA:139,19
DA:140,8
DA:141,8
DA:142,16
DA:143,4
DA:144,4
DA:145,2
DA:146,2
DA:147,2
DA:148,16
DA:149,16
DA:150,16
DA:151,8
DA:152,8
DA:153,16
DA:154,2
DA:155,2
DA:156,2
DA:157,4
DA:158,4
DA:159,2
DA:160,1
DA:161,1
DA:162,1
DA:163,1
DA:164,1
DA:165,1
DA:166,1
DA:167,1
DA:168,1
DA:169,2
DA:170,4
DA:171,4
DA:172,1
DA:173,1
DA:174,1
DA:175,1
DA:176,1
DA:177,1
DA:178,1
DA:179,4
DA:180,4
DA:181,4
LF:181
LH:177
BRDA:26,0,0,12
BRDA:38,1,0,20
BRDA:39,2,0,12
BRDA:39,3,0,12
BRDA:39,4,0,8
BRDA:43,5,0,64
BRDA:55,6,0,20
BRDA:74,7,0,3
BRDA:59,8,0,128
BRDA:80,9,0,128
BRDA:83,10,0,64
BRDA:93,11,0,32
BRDA:103,12,0,32
BRDA:46,13,0,56
BRDA:73,14,0,17
BRDA:74,15,0,17
BRDA:74,16,0,17
BRDA:86,17,0,56
BRDA:96,18,0,28
BRDA:107,19,0,28
BRDA:123,20,0,16
BRDA:126,21,0,19
BRDA:130,22,0,8
BRDA:134,23,0,11
BRDA:139,24,0,8
BRDA:144,25,0,2
BRDA:147,26,0,16
BRDA:150,27,0,8
BRDA:158,28,0,2
BRDA:159,29,0,1
BRDA:171,30,0,1
BRF:31
BRH:31
end_of_record
TN:
SF:src\components\form\formItem.js
FN:53,CustomFormItem
FN:61,render
FNF:2
FNH:2
FNDA:66,CustomFormItem
FNDA:74,render
DA:1,4
DA:2,4
DA:3,4
DA:4,4
DA:5,4
DA:6,4
DA:7,4
DA:8,4
DA:9,4
DA:10,4
DA:11,4
DA:12,4
DA:13,4
DA:14,4
DA:15,4
DA:16,4
DA:17,4
DA:18,4
DA:19,4
DA:20,4
DA:21,4
DA:22,4
DA:23,4
DA:24,4
DA:25,4
DA:26,4
DA:27,4
DA:28,4
DA:29,4
DA:30,4
DA:31,4
DA:32,4
DA:33,4
DA:34,4
DA:35,4
DA:36,4
DA:37,4
DA:38,4
DA:39,4
DA:40,4
DA:41,4
DA:42,4
DA:43,4
DA:44,4
DA:45,4
DA:46,4
DA:47,4
DA:48,4
DA:49,4
DA:50,4
DA:51,4
DA:52,4
DA:53,4
DA:54,66
DA:55,66
DA:56,66
DA:57,66
DA:58,66
DA:59,66
DA:60,4
DA:61,4
DA:62,74
DA:63,74
DA:64,74
DA:65,74
DA:66,74
DA:67,74
DA:68,74
DA:69,74
DA:70,74
DA:71,74
DA:72,9
DA:73,74
DA:74,74
DA:75,74
DA:76,74
DA:77,74
DA:78,4
DA:79,4
DA:80,4
LF:80
LH:80
BRDA:53,0,0,66
BRDA:61,1,0,74
BRDA:71,2,0,9
BRDA:71,3,0,65
BRF:4
BRH:4
end_of_record
TN:
SF:src\components\header\header.js
FN:29,CustomHeader
FN:42,connectedCallback
FN:47,disconnectedCallback
FN:52,stateChanged
FN:60,render
FN:89,_changeLanguage
FN:96,_getImage
FN:100,_redirectToAdd
FN:104,_redirectHome
FNF:9
FNH:9
FNDA:4,CustomHeader
FNDA:4,connectedCallback
FNDA:4,disconnectedCallback
FNDA:5,stateChanged
FNDA:6,render
FNDA:1,_changeLanguage
FNDA:6,_getImage
FNDA:1,_redirectToAdd
FNDA:1,_redirectHome
DA:1,1
DA:2,1
DA:3,1
DA:4,1
DA:5,1
DA:6,1
DA:7,1
DA:8,1
DA:9,1
DA:10,1
DA:11,1
DA:12,1
DA:13,1
DA:14,1
DA:15,1
DA:16,1
DA:17,1
DA:18,1
DA:19,1
DA:20,1
DA:21,1
DA:22,1
DA:23,1
DA:24,1
DA:25,1
DA:26,1
DA:27,1
DA:28,1
DA:29,1
DA:30,4
DA:31,4
DA:32,4
DA:33,4
DA:34,4
DA:35,4
DA:36,4
DA:37,4
DA:38,2
DA:39,2
DA:40,4
DA:41,1
DA:42,1
DA:43,4
DA:44,4
DA:45,4
DA:46,1
DA:47,1
DA:48,4
DA:49,4
DA:50,4
DA:51,1
DA:52,1
DA:53,5
DA:54,5
DA:55,5
DA:56,3
DA:57,3
DA:58,5
DA:59,1
DA:60,1
DA:61,6
DA:62,6
DA:63,6
DA:64,6
DA:65,6
DA:66,6
DA:67,6
DA:68,6
DA:69,6
DA:70,6
DA:71,6
DA:72,6
DA:73,6
DA:74,0
DA:75,0
DA:76,0
DA:77,6
DA:78,6
DA:79,6
DA:80,6
DA:81,6
DA:82,6
DA:83,6
DA:84,6
DA:85,6
DA:86,6
DA:87,6
DA:88,1
DA:89,1
DA:90,1
DA:91,1
DA:92,1
DA:93,1
DA:94,1
DA:95,1
DA:96,1
DA:97,6
DA:98,6
DA:99,1
DA:100,1
DA:101,1
DA:102,1
DA:103,1
DA:104,1
DA:105,1
DA:106,1
DA:107,1
DA:108,1
DA:109,0
DA:110,0
DA:111,0
DA:112,1
DA:113,1
DA:114,1
DA:115,1
LF:115
LH:109
BRDA:29,0,0,4
BRDA:37,1,0,2
BRDA:42,2,0,4
BRDA:47,3,0,4
BRDA:52,4,0,5
BRDA:55,5,0,3
BRDA:60,6,0,6
BRDA:73,7,0,0
BRDA:89,8,0,1
BRDA:92,9,0,0
BRDA:96,10,0,6
BRDA:97,11,0,2
BRDA:97,12,0,4
BRDA:100,13,0,1
BRDA:104,14,0,1
BRF:15
BRH:13
end_of_record
TN:
SF:src\components\icons\add-icon.js
FN:4,render
FNF:1
FNH:1
FNDA:4,render
DA:1,1
DA:2,1
DA:3,1
DA:4,1
DA:5,4
DA:6,4
DA:7,4
DA:8,4
DA:9,1
DA:10,1
DA:11,1
LF:11
LH:11
BRDA:4,0,0,4
BRF:1
BRH:1
end_of_record
TN:
SF:src\components\icons\cancel-icon.js
FN:4,render
FNF:1
FNH:1
FNDA:5,render
DA:1,6
DA:2,6
DA:3,6
DA:4,6
DA:5,5
DA:6,5
DA:7,5
DA:8,5
DA:9,5
DA:10,5
DA:11,5
DA:12,6
DA:13,6
DA:14,6
LF:14
LH:14
BRDA:4,0,0,5
BRF:1
BRH:1
end_of_record
TN:
SF:src\components\icons\delete-icon.js
FN:4,render
FNF:1
FNH:1
FNDA:63,render
DA:1,2
DA:2,2
DA:3,2
DA:4,2
DA:5,63
DA:6,63
DA:7,63
DA:8,63
DA:9,2
DA:10,2
DA:11,2
LF:11
LH:11
BRDA:4,0,0,63
BRF:1
BRH:1
end_of_record
TN:
SF:src\components\icons\edit-icon.js
FN:4,render
FNF:1
FNH:1
FNDA:63,render
DA:1,2
DA:2,2
DA:3,2
DA:4,2
DA:5,63
DA:6,63
DA:7,63
DA:8,63
DA:9,2
DA:10,2
DA:11,2
LF:11
LH:11
BRDA:4,0,0,63
BRF:1
BRH:1
end_of_record
TN:
SF:src\components\pagination\pagination.js
FN:21,Pagination
FN:27,connectedCallback
FN:32,willUpdate
FN:38,render
FN:56,_calculateDisplay
FN:88,_createPageIndex
FN:97,_changePage
FN:110,_noop
FNF:8
FNH:7
FNDA:15,Pagination
FNDA:15,connectedCallback
FNDA:19,willUpdate
FNDA:19,render
FNDA:34,_calculateDisplay
FNDA:110,_createPageIndex
FNDA:4,_changePage
FNDA:0,_noop
DA:1,2
DA:2,2
DA:3,2
DA:4,2
DA:5,2
DA:6,2
DA:7,2
DA:8,2
DA:9,2
DA:10,2
DA:11,2
DA:12,2
DA:13,2
DA:14,2
DA:15,2
DA:16,2
DA:17,2
DA:18,2
DA:19,2
DA:20,2
DA:21,2
DA:22,15
DA:23,15
DA:24,15
DA:25,15
DA:26,2
DA:27,2
DA:28,15
DA:29,15
DA:30,15
DA:31,2
DA:32,2
DA:33,19
DA:34,19
DA:35,19
DA:36,19
DA:37,2
DA:38,2
DA:39,19
DA:40,12
DA:41,12
DA:42,12
DA:43,12
DA:44,59
DA:45,59
DA:46,59
DA:47,59
DA:48,59
DA:49,12
DA:50,12
DA:51,7
DA:52,7
DA:53,7
DA:54,19
DA:55,2
DA:56,2
DA:57,34
DA:58,34
DA:59,14
DA:60,14
DA:61,14
DA:62,14
DA:63,8
DA:64,8
DA:65,6
DA:66,2
DA:67,2
DA:68,4
DA:69,4
DA:70,4
DA:71,14
DA:72,14
DA:73,70
DA:74,70
DA:75,70
DA:76,14
DA:77,14
DA:78,14
DA:79,20
DA:80,20
DA:81,12
DA:82,12
DA:83,20
DA:84,34
DA:85,34
DA:86,34
DA:87,2
DA:88,2
DA:89,110
DA:90,110
DA:91,110
DA:92,18
DA:93,92
DA:94,110
DA:95,110
DA:96,2
DA:97,2
DA:98,4
DA:99,2
DA:100,2
DA:101,2
DA:102,2
DA:103,2
DA:104,2
DA:105,2
DA:106,2
DA:107,2
DA:108,4
DA:109,2
DA:110,2
DA:111,0
DA:112,0
DA:113,2
DA:114,2
DA:115,2
LF:115
LH:113
BRDA:21,0,0,15
BRDA:27,1,0,15
BRDA:32,2,0,19
BRDA:33,3,0,0
BRDA:38,4,0,19
BRDA:39,5,0,12
BRDA:42,6,0,4
BRDA:50,7,0,1
BRDA:50,8,0,7
BRDA:43,9,0,59
BRDA:45,10,0,9
BRDA:45,11,0,12
BRDA:45,12,0,47
BRDA:46,13,0,9
BRDA:56,14,0,34
BRDA:58,15,0,14
BRDA:80,16,0,12
BRDA:88,17,0,110
BRDA:91,18,0,18
BRDA:42,19,0,8
BRDA:50,20,0,11
BRDA:42,21,0,6
BRDA:45,22,0,50
BRDA:46,23,0,50
BRDA:50,24,0,6
BRDA:62,25,0,8
BRDA:64,26,0,6
BRDA:65,27,0,2
BRDA:67,28,0,4
BRDA:72,29,0,70
BRDA:78,30,0,20
BRDA:92,31,0,92
BRDA:97,32,0,4
BRDA:98,33,0,3
BRDA:98,34,0,2
BRF:35
BRH:34
end_of_record
TN:
SF:src\components\table\customTable.js
FN:22,CustomTable
FN:31,updated
FN:54,render
FN:105,_change
FN:128,_clickEdit
FN:137,_clickDelete
FNF:6
FNH:5
FNDA:10,CustomTable
FNDA:34,updated
FNDA:34,render
FNDA:0,_change
FNDA:1,_clickEdit
FNDA:1,_clickDelete
DA:1,2
DA:2,2
DA:3,2
DA:4,2
DA:5,2
DA:6,2
DA:7,2
DA:8,2
DA:9,2
DA:10,2
DA:11,2
DA:12,2
DA:13,2
DA:14,2
DA:15,2
DA:16,2
DA:17,2
DA:18,2
DA:19,2
DA:20,2
DA:21,2
DA:22,2
DA:23,10
DA:24,10
DA:25,10
DA:26,10
DA:27,10
DA:28,10
DA:29,10
DA:30,2
DA:31,2
DA:32,34
DA:33,15
DA:34,15
DA:35,15
DA:36,30
DA:37,30
DA:38,30
DA:39,15
DA:40,15
DA:41,15
DA:42,34
DA:43,34
DA:44,15
DA:45,15
DA:46,3
DA:47,30
DA:48,30
DA:49,3
DA:50,12
DA:51,15
DA:52,34
DA:53,2
DA:54,2
DA:55,34
DA:56,34
DA:57,34
DA:58,34
DA:59,34
DA:60,34
DA:61,34
DA:62,34
DA:63,34
DA:64,34
DA:65,34
DA:66,34
DA:67,34
DA:68,240
DA:69,34
DA:70,34
DA:71,34
DA:72,34
DA:73,34
DA:74,34
DA:75,34
DA:76,34
DA:77,34
DA:78,93
DA:79,93
DA:80,93
DA:81,93
DA:82,93
DA:83,93
DA:84,93
DA:85,93
DA:86,93
DA:87,480
DA:88,93
DA:89,93
DA:90,93
DA:91,93
DA:92,93
DA:93,93
DA:94,34
DA:95,34
DA:96,34
DA:97,34
DA:98,34
DA:99,34
DA:100,34
DA:101,34
DA:102,34
DA:103,34
DA:104,2
DA:105,2
DA:106,0
DA:107,0
DA:108,0
DA:109,0
DA:110,0
DA:111,0
DA:112,0
DA:113,0
DA:114,0
DA:115,0
DA:116,0
DA:117,0
DA:118,0
DA:119,0
DA:120,0
DA:121,0
DA:122,0
DA:123,0
DA:124,0
DA:125,0
DA:126,0
DA:127,2
DA:128,2
DA:129,1
DA:130,1
DA:131,1
DA:132,1
DA:133,1
DA:134,1
DA:135,1
DA:136,2
DA:137,2
DA:138,1
DA:139,1
DA:140,1
DA:141,1
DA:142,1
DA:143,1
DA:144,1
DA:145,2
DA:146,2
DA:147,2
LF:147
LH:126
BRDA:22,0,0,10
BRDA:31,1,0,34
BRDA:32,2,0,25
BRDA:32,3,0,15
BRDA:35,4,0,30
BRDA:43,5,0,25
BRDA:43,6,0,15
BRDA:45,7,0,3
BRDA:49,8,0,12
BRDA:46,9,0,30
BRDA:47,10,0,3
BRDA:54,11,0,34
BRDA:67,12,0,244
BRDA:77,13,0,93
BRDA:86,14,0,513
BRDA:87,15,0,273
BRDA:87,16,0,273
BRDA:92,17,0,61
BRDA:93,18,0,61
BRDA:128,19,0,1
BRDA:137,20,0,1
BRF:21
BRH:21
end_of_record
TN:
SF:src\config\form.config.js
FN:13,validator
FN:14,message
FN:17,validator
FN:18,message
FN:21,validator
FN:22,message
FN:29,label
FN:35,label
FN:41,label
FN:47,label
FN:53,label
FN:59,label
FN:65,label
FN:74,label
FNF:14
FNH:12
FNDA:16,validator
FNDA:8,message
FNDA:1,validator
FNDA:0,message
FNDA:2,validator
FNDA:0,message
FNDA:16,label
FNDA:16,label
FNDA:16,label
FNDA:16,label
FNDA:16,label
FNDA:16,label
FNDA:16,label
FNDA:16,label
DA:1,4
DA:2,4
DA:3,4
DA:4,4
DA:5,4
DA:6,4
DA:7,4
DA:8,4
DA:9,4
DA:10,4
DA:11,4
DA:12,4
DA:13,4
DA:14,4
DA:15,4
DA:16,4
DA:17,4
DA:18,4
DA:19,4
DA:20,4
DA:21,4
DA:22,4
DA:23,4
DA:24,4
DA:25,4
DA:26,4
DA:27,4
DA:28,4
DA:29,4
DA:30,4
DA:31,4
DA:32,4
DA:33,4
DA:34,4
DA:35,4
DA:36,4
DA:37,4
DA:38,4
DA:39,4
DA:40,4
DA:41,4
DA:42,4
DA:43,4
DA:44,4
DA:45,4
DA:46,4
DA:47,4
DA:48,4
DA:49,4
DA:50,4
DA:51,4
DA:52,4
DA:53,4
DA:54,4
DA:55,4
DA:56,4
DA:57,4
DA:58,4
DA:59,4
DA:60,4
DA:61,4
DA:62,4
DA:63,4
DA:64,4
DA:65,4
DA:66,4
DA:67,4
DA:68,4
DA:69,4
DA:70,4
DA:71,4
DA:72,4
DA:73,4
DA:74,4
DA:75,4
DA:76,4
DA:77,4
DA:78,4
DA:79,4
DA:80,4
DA:81,4
LF:81
LH:81
BRDA:29,0,0,16
BRDA:35,1,0,16
BRDA:41,2,0,16
BRDA:47,3,0,16
BRDA:53,4,0,16
BRDA:59,5,0,16
BRDA:65,6,0,16
BRDA:74,7,0,16
BRDA:13,8,0,16
BRDA:14,9,0,8
BRDA:17,10,0,1
BRDA:21,11,0,2
BRF:12
BRH:12
end_of_record
TN:
SF:src\config\options.config.js
FN:6,label
FN:10,label
FN:17,label
FN:21,label
FN:25,label
FNF:5
FNH:5
FNDA:38,label
FNDA:35,label
FNDA:14,label
FNDA:31,label
FNDA:28,label
DA:1,6
DA:2,6
DA:3,6
DA:4,6
DA:5,6
DA:6,6
DA:7,6
DA:8,6
DA:9,6
DA:10,6
DA:11,6
DA:12,6
DA:13,6
DA:14,6
DA:15,6
DA:16,6
DA:17,6
DA:18,6
DA:19,6
DA:20,6
DA:21,6
DA:22,6
DA:23,6
DA:24,6
DA:25,6
DA:26,6
DA:27,6
LF:27
LH:27
BRDA:6,0,0,38
BRDA:21,1,0,31
BRDA:10,2,0,35
BRDA:17,3,0,14
BRDA:25,4,0,28
BRF:5
BRH:5
end_of_record
TN:
SF:src\config\table.config.js
FN:9,label
FN:14,label
FN:19,label
FN:20,render
FN:25,label
FN:26,render
FN:31,label
FN:36,label
FN:41,label
FN:42,render
FN:47,label
FN:48,render
FNF:12
FNH:12
FNDA:42,label
FNDA:42,label
FNDA:42,label
FNDA:72,render
FNDA:42,label
FNDA:72,render
FNDA:42,label
FNDA:42,label
FNDA:42,label
FNDA:72,render
FNDA:42,label
FNDA:72,render
DA:1,3
DA:2,3
DA:3,3
DA:4,3
DA:5,3
DA:6,3
DA:7,3
DA:8,3
DA:9,3
DA:10,3
DA:11,3
DA:12,3
DA:13,3
DA:14,3
DA:15,3
DA:16,3
DA:17,3
DA:18,3
DA:19,3
DA:20,3
DA:21,3
DA:22,3
DA:23,3
DA:24,3
DA:25,3
DA:26,3
DA:27,3
DA:28,3
DA:29,3
DA:30,3
DA:31,3
DA:32,3
DA:33,3
DA:34,3
DA:35,3
DA:36,3
DA:37,3
DA:38,3
DA:39,3
DA:40,3
DA:41,3
DA:42,3
DA:43,3
DA:44,3
DA:45,3
DA:46,3
DA:47,3
DA:48,3
DA:49,3
DA:50,3
DA:51,3
LF:51
LH:51
BRDA:9,0,0,42
BRDA:14,1,0,42
BRDA:19,2,0,42
BRDA:20,3,0,72
BRDA:25,4,0,42
BRDA:26,5,0,72
BRDA:31,6,0,42
BRDA:36,7,0,42
BRDA:41,8,0,42
BRDA:42,9,0,72
BRDA:42,10,0,72
BRDA:47,11,0,42
BRDA:48,12,0,72
BRDA:48,13,0,72
BRF:14
BRH:14
end_of_record
TN:
SF:src\localization\locale-codes.js
FNF:0
FNH:0
DA:1,1
DA:2,1
DA:3,1
DA:4,1
DA:5,1
DA:6,1
DA:7,1
DA:8,1
DA:9,1
DA:10,1
DA:11,1
DA:12,1
DA:13,1
DA:14,1
DA:15,1
DA:16,1
DA:17,1
DA:18,1
DA:19,1
DA:20,1
DA:21,1
DA:22,1
DA:23,1
LF:23
LH:23
BRF:0
BRH:0
end_of_record
TN:
SF:src\localization\locales\tr.js
FNF:0
FNH:0
DA:1,1
DA:2,1
DA:3,1
DA:4,1
DA:5,1
DA:6,1
DA:7,1
DA:8,1
DA:9,1
DA:10,1
DA:11,1
DA:12,1
DA:13,1
DA:14,1
DA:15,1
DA:16,1
DA:17,1
DA:18,1
DA:19,1
DA:20,1
DA:21,1
DA:22,1
DA:23,1
DA:24,1
DA:25,1
DA:26,1
DA:27,1
DA:28,1
DA:29,1
DA:30,1
DA:31,1
DA:32,1
DA:33,1
DA:34,1
DA:35,1
DA:36,1
DA:37,1
DA:38,1
DA:39,1
DA:40,1
DA:41,1
DA:42,1
DA:43,1
DA:44,1
DA:45,1
LF:45
LH:45
BRF:0
BRH:0
end_of_record
TN:
SF:src\store\actionsTypes.js
FNF:0
FNH:0
DA:1,4
DA:2,4
DA:3,4
DA:4,4
DA:5,4
DA:6,4
DA:7,4
DA:8,4
DA:9,4
LF:9
LH:9
BRF:0
BRH:0
end_of_record
TN:
SF:src\styles\form-style.js
FNF:0
FNH:0
DA:1,4
DA:2,4
DA:3,4
DA:4,4
DA:5,4
DA:6,4
DA:7,4
DA:8,4
DA:9,4
DA:10,4
DA:11,4
DA:12,4
DA:13,4
DA:14,4
DA:15,4
DA:16,4
DA:17,4
DA:18,4
DA:19,4
DA:20,4
DA:21,4
DA:22,4
DA:23,4
DA:24,4
DA:25,4
DA:26,4
LF:26
LH:26
BRF:0
BRH:0
end_of_record
TN:
SF:src\styles\global-style.js
FNF:0
FNH:0
DA:1,8
DA:2,8
DA:3,8
DA:4,8
DA:5,8
DA:6,8
DA:7,8
DA:8,8
DA:9,8
DA:10,8
DA:11,8
DA:12,8
DA:13,8
DA:14,8
DA:15,8
DA:16,8
LF:16
LH:16
BRF:0
BRH:0
end_of_record
TN:
SF:src\styles\header-styles.js
FNF:0
FNH:0
DA:1,1
DA:2,1
DA:3,1
DA:4,1
DA:5,1
DA:6,1
DA:7,1
DA:8,1
DA:9,1
DA:10,1
DA:11,1
DA:12,1
DA:13,1
DA:14,1
DA:15,1
DA:16,1
DA:17,1
DA:18,1
DA:19,1
DA:20,1
DA:21,1
DA:22,1
DA:23,1
DA:24,1
DA:25,1
DA:26,1
DA:27,1
DA:28,1
DA:29,1
DA:30,1
DA:31,1
DA:32,1
DA:33,1
DA:34,1
DA:35,1
DA:36,1
DA:37,1
DA:38,1
DA:39,1
DA:40,1
DA:41,1
DA:42,1
DA:43,1
DA:44,1
DA:45,1
DA:46,1
DA:47,1
DA:48,1
DA:49,1
DA:50,1
DA:51,1
DA:52,1
DA:53,1
DA:54,1
DA:55,1
DA:56,1
DA:57,1
DA:58,1
DA:59,1
DA:60,1
DA:61,1
DA:62,1
DA:63,1
DA:64,1
DA:65,1
DA:66,1
DA:67,1
DA:68,1
DA:69,1
DA:70,1
DA:71,1
DA:72,1
DA:73,1
DA:74,1
LF:74
LH:74
BRF:0
BRH:0
end_of_record
TN:
SF:src\styles\overview-style.js
FNF:0
FNH:0
DA:1,1
DA:2,1
DA:3,1
DA:4,1
DA:5,1
DA:6,1
DA:7,1
DA:8,1
DA:9,1
DA:10,1
DA:11,1
DA:12,1
DA:13,1
DA:14,1
DA:15,1
DA:16,1
DA:17,1
DA:18,1
DA:19,1
DA:20,1
DA:21,1
DA:22,1
DA:23,1
DA:24,1
DA:25,1
DA:26,1
DA:27,1
DA:28,1
DA:29,1
DA:30,1
DA:31,1
DA:32,1
DA:33,1
DA:34,1
DA:35,1
DA:36,1
DA:37,1
DA:38,1
DA:39,1
DA:40,1
DA:41,1
DA:42,1
DA:43,1
DA:44,1
DA:45,1
DA:46,1
DA:47,1
DA:48,1
DA:49,1
DA:50,1
DA:51,1
DA:52,1
DA:53,1
DA:54,1
DA:55,1
DA:56,1
DA:57,1
DA:58,1
DA:59,1
DA:60,1
DA:61,1
DA:62,1
DA:63,1
DA:64,1
DA:65,1
DA:66,1
DA:67,1
DA:68,1
DA:69,1
DA:70,1
DA:71,1
DA:72,1
DA:73,1
DA:74,1
DA:75,1
DA:76,1
DA:77,1
DA:78,1
DA:79,1
DA:80,1
DA:81,1
DA:82,1
DA:83,1
DA:84,1
DA:85,1
DA:86,1
DA:87,1
DA:88,1
DA:89,1
DA:90,1
DA:91,1
DA:92,1
DA:93,1
DA:94,1
DA:95,1
DA:96,1
DA:97,1
DA:98,1
DA:99,1
DA:100,1
DA:101,1
DA:102,1
DA:103,1
DA:104,1
DA:105,1
DA:106,1
DA:107,1
DA:108,1
DA:109,1
DA:110,1
DA:111,1
DA:112,1
DA:113,1
DA:114,1
LF:114
LH:114
BRF:0
BRH:0
end_of_record
TN:
SF:src\styles\pagination-style.js
FNF:0
FNH:0
DA:1,2
DA:2,2
DA:3,2
DA:4,2
DA:5,2
DA:6,2
DA:7,2
DA:8,2
DA:9,2
DA:10,2
DA:11,2
DA:12,2
DA:13,2
DA:14,2
DA:15,2
DA:16,2
DA:17,2
DA:18,2
DA:19,2
DA:20,2
DA:21,2
DA:22,2
DA:23,2
DA:24,2
DA:25,2
DA:26,2
DA:27,2
DA:28,2
DA:29,2
DA:30,2
DA:31,2
DA:32,2
DA:33,2
DA:34,2
DA:35,2
DA:36,2
DA:37,2
DA:38,2
DA:39,2
DA:40,2
DA:41,2
DA:42,2
DA:43,2
DA:44,2
DA:45,2
DA:46,2
DA:47,2
DA:48,2
DA:49,2
DA:50,2
DA:51,2
DA:52,2
DA:53,2
DA:54,2
DA:55,2
DA:56,2
DA:57,2
DA:58,2
DA:59,2
DA:60,2
DA:61,2
DA:62,2
DA:63,2
DA:64,2
DA:65,2
DA:66,2
DA:67,2
DA:68,2
DA:69,2
DA:70,2
DA:71,2
DA:72,2
DA:73,2
DA:74,2
DA:75,2
DA:76,2
DA:77,2
DA:78,2
DA:79,2
DA:80,2
DA:81,2
DA:82,2
DA:83,2
DA:84,2
DA:85,2
DA:86,2
DA:87,2
DA:88,2
DA:89,2
LF:89
LH:89
BRF:0
BRH:0
end_of_record
TN:
SF:src\styles\table-style.js
FNF:0
FNH:0
DA:1,2
DA:2,2
DA:3,2
DA:4,2
DA:5,2
DA:6,2
DA:7,2
DA:8,2
DA:9,2
DA:10,2
DA:11,2
DA:12,2
DA:13,2
DA:14,2
DA:15,2
DA:16,2
DA:17,2
DA:18,2
DA:19,2
DA:20,2
DA:21,2
DA:22,2
DA:23,2
DA:24,2
DA:25,2
DA:26,2
DA:27,2
DA:28,2
DA:29,2
DA:30,2
DA:31,2
DA:32,2
DA:33,2
DA:34,2
DA:35,2
DA:36,2
DA:37,2
DA:38,2
DA:39,2
DA:40,2
DA:41,2
DA:42,2
DA:43,2
DA:44,2
DA:45,2
DA:46,2
DA:47,2
DA:48,2
DA:49,2
DA:50,2
DA:51,2
DA:52,2
DA:53,2
DA:54,2
DA:55,2
DA:56,2
DA:57,2
DA:58,2
DA:59,2
DA:60,2
DA:61,2
DA:62,2
DA:63,2
DA:64,2
DA:65,2
DA:66,2
DA:67,2
DA:68,2
DA:69,2
DA:70,2
DA:71,2
DA:72,2
DA:73,2
DA:74,2
DA:75,2
DA:76,2
DA:77,2
DA:78,2
LF:78
LH:78
BRF:0
BRH:0
end_of_record
TN:
SF:src\utils\locale.js
FN:9,loadLocale
FNF:1
FNH:1
FNDA:1,loadLocale
DA:1,1
DA:2,1
DA:3,1
DA:4,1
DA:5,1
DA:6,1
DA:7,1
DA:8,1
DA:9,1
DA:10,1
LF:10
LH:10
BRDA:9,0,0,1
BRF:1
BRH:1
end_of_record
TN:
SF:src\utils\utils.js
FN:1,deepCopy
FN:5,createUniqueString
FN:11,createRandomString
FNF:3
FNH:3
FNDA:16,deepCopy
FNDA:1,createUniqueString
FNDA:1,createRandomString
DA:1,5
DA:2,16
DA:3,16
DA:4,5
DA:5,5
DA:6,1
DA:7,1
DA:8,1
DA:9,1
DA:10,1
DA:11,1
DA:12,1
DA:13,1
DA:14,1
DA:15,1
DA:16,5
DA:17,5
DA:18,1
DA:19,1
DA:20,1
DA:21,1
LF:21
LH:21
BRDA:5,0,0,1
BRDA:11,1,0,1
BRDA:15,2,0,5
BRDA:1,3,0,16
BRF:4
BRH:4
end_of_record
TN:
SF:src\views\userAdd.js
FN:40,UserAdd
FN:45,render
FN:59,_save
FN:69,_cancel
FNF:4
FNH:3
FNDA:2,UserAdd
FNDA:2,render
FNDA:0,_save
FNDA:1,_cancel
DA:1,1
DA:2,1
DA:3,1
DA:4,1
DA:5,1
DA:6,1
DA:7,1
DA:8,1
DA:9,1
DA:10,1
DA:11,1
DA:12,1
DA:13,1
DA:14,1
DA:15,1
DA:16,1
DA:17,1
DA:18,1
DA:19,1
DA:20,1
DA:21,1
DA:22,1
DA:23,1
DA:24,1
DA:25,1
DA:26,1
DA:27,1
DA:28,1
DA:29,1
DA:30,1
DA:31,1
DA:32,1
DA:33,1
DA:34,1
DA:35,1
DA:36,1
DA:37,1
DA:38,1
DA:39,1
DA:40,1
DA:41,2
DA:42,2
DA:43,2
DA:44,1
DA:45,1
DA:46,2
DA:47,2
DA:48,2
DA:49,2
DA:50,2
DA:51,2
DA:52,2
DA:53,2
DA:54,2
DA:55,2
DA:56,2
DA:57,2
DA:58,1
DA:59,1
DA:60,0
DA:61,0
DA:62,0
DA:63,0
DA:64,0
DA:65,0
DA:66,0
DA:67,0
DA:68,1
DA:69,1
DA:70,1
DA:71,1
DA:72,1
DA:73,1
DA:74,1
LF:74
LH:66
BRDA:40,0,0,2
BRDA:45,1,0,2
BRDA:69,2,0,1
BRF:3
BRH:3
end_of_record
TN:
SF:src\views\userEdit.js
FN:44,UserEdit
FN:52,onBeforeEnter
FN:58,render
FN:73,_save
FN:84,_cancel
FNF:5
FNH:3
FNDA:2,UserEdit
FNDA:0,onBeforeEnter
FNDA:2,render
FNDA:0,_save
FNDA:1,_cancel
DA:1,1
DA:2,1
DA:3,1
DA:4,1
DA:5,1
DA:6,1
DA:7,1
DA:8,1
DA:9,1
DA:10,1
DA:11,1
DA:12,1
DA:13,1
DA:14,1
DA:15,1
DA:16,1
DA:17,1
DA:18,1
DA:19,1
DA:20,1
DA:21,1
DA:22,1
DA:23,1
DA:24,1
DA:25,1
DA:26,1
DA:27,1
DA:28,1
DA:29,1
DA:30,1
DA:31,1
DA:32,1
DA:33,1
DA:34,1
DA:35,1
DA:36,1
DA:37,1
DA:38,1
DA:39,1
DA:40,1
DA:41,1
DA:42,1
DA:43,1
DA:44,1
DA:45,2
DA:46,2
DA:47,2
DA:48,2
DA:49,2
DA:50,2
DA:51,1
DA:52,1
DA:53,0
DA:54,0
DA:55,0
DA:56,0
DA:57,1
DA:58,1
DA:59,2
DA:60,2
DA:61,2
DA:62,2
DA:63,2
DA:64,2
DA:65,2
DA:66,2
DA:67,2
DA:68,2
DA:69,2
DA:70,2
DA:71,2
DA:72,1
DA:73,1
DA:74,0
DA:75,0
DA:76,0
DA:77,0
DA:78,0
DA:79,0
DA:80,0
DA:81,0
DA:82,0
DA:83,1
DA:84,1
DA:85,1
DA:86,1
DA:87,1
DA:88,1
DA:89,1
LF:89
LH:76
BRDA:44,0,0,2
BRDA:58,1,0,2
BRDA:84,2,0,1
BRF:3
BRH:3
end_of_record
TN:
SF:src\views\userOverview.js
FN:48,UserOverview
FN:73,label
FN:77,label
FN:82,updated
FN:97,render
FN:187,_tableSelectChange
FN:191,_changePage
FN:196,_getPageData
FN:200,_edit
FN:205,_delete
FN:210,_deleteConfirm
FN:225,_deleteCancel
FN:230,_toggleSearch
FN:234,_search
FN:253,_reset
FN:260,_listTypeChange
FNF:16
FNH:9
FNDA:6,UserOverview
FNDA:7,label
FNDA:1,label
FNDA:31,updated
FNDA:31,render
FNDA:0,_tableSelectChange
FNDA:0,_changePage
FNDA:22,_getPageData
FNDA:0,_edit
FNDA:1,_delete
FNDA:0,_deleteConfirm
FNDA:0,_deleteCancel
FNDA:1,_toggleSearch
FNDA:10,_search
FNDA:0,_reset
FNDA:0,_listTypeChange
DA:1,1
DA:2,1
DA:3,1
DA:4,1
DA:5,1
DA:6,1
DA:7,1
DA:8,1
DA:9,1
DA:10,1
DA:11,1
DA:12,1
DA:13,1
DA:14,1
DA:15,1
DA:16,1
DA:17,1
DA:18,1
DA:19,1
DA:20,1
DA:21,1
DA:22,1
DA:23,1
DA:24,1
DA:25,1
DA:26,1
DA:27,1
DA:28,1
DA:29,1
DA:30,1
DA:31,1
DA:32,1
DA:33,1
DA:34,1
DA:35,1
DA:36,1
DA:37,1
DA:38,1
DA:39,1
DA:40,1
DA:41,1
DA:42,1
DA:43,1
DA:44,1
DA:45,1
DA:46,1
DA:47,1
DA:48,1
DA:49,6
DA:50,6
DA:51,6
DA:52,6
DA:53,6
DA:54,6
DA:55,6
DA:56,0
DA:57,0
DA:58,6
DA:59,6
DA:60,6
DA:61,6
DA:62,6
DA:63,6
DA:64,6
DA:65,6
DA:66,6
DA:67,6
DA:68,6
DA:69,6
DA:70,6
DA:71,6
DA:72,6
DA:73,6
DA:74,6
DA:75,6
DA:76,6
DA:77,6
DA:78,6
DA:79,6
DA:80,6
DA:81,1
DA:82,1
DA:83,31
DA:84,10
DA:85,10
DA:86,31
DA:87,16
DA:88,44
DA:89,44
DA:90,16
DA:91,16
DA:92,16
DA:93,16
DA:94,16
DA:95,31
DA:96,1
DA:97,1
DA:98,31
DA:99,31
DA:100,31
DA:101,31
DA:102,31
DA:103,31
DA:104,31
DA:105,31
DA:106,31
DA:107,31
DA:108,31
DA:109,31
DA:110,31
DA:111,31
DA:112,31
DA:113,31
DA:114,31
DA:115,31
DA:116,1
DA:117,1
DA:118,1
DA:119,1
DA:120,1
DA:121,1
DA:122,1
DA:123,1
DA:124,1
DA:125,1
DA:126,30
DA:127,30
DA:128,30
DA:129,30
DA:130,30
DA:131,31
DA:132,31
DA:133,31
DA:134,31
DA:135,28
DA:136,28
DA:137,28
DA:138,28
DA:139,28
DA:140,28
DA:141,28
DA:142,28
DA:143,28
DA:144,28
DA:145,3
DA:146,3
DA:147,3
DA:148,3
DA:149,3
DA:150,3
DA:151,3
DA:152,3
DA:153,10
DA:154,10
DA:155,10
DA:156,10
DA:157,10
DA:158,10
DA:159,3
DA:160,3
DA:161,3
DA:162,31
DA:163,31
DA:164,31
DA:165,31
DA:166,31
DA:167,31
DA:168,31
DA:169,31
DA:170,31
DA:171,31
DA:172,31
DA:173,31
DA:174,31
DA:175,31
DA:176,31
DA:177,31
DA:178,31
DA:179,31
DA:180,31
DA:181,31
DA:182,31
DA:183,31
DA:184,31
DA:185,31
DA:186,1
DA:187,1
DA:188,0
DA:189,0
DA:190,1
DA:191,1
DA:192,0
DA:193,0
DA:194,0
DA:195,1
DA:196,1
DA:197,22
DA:198,22
DA:199,1
DA:200,1
DA:201,0
DA:202,0
DA:203,0
DA:204,1
DA:205,1
DA:206,1
DA:207,1
DA:208,1
DA:209,1
DA:210,1
DA:211,0
DA:212,0
DA:213,0
DA:214,0
DA:215,0
DA:216,0
DA:217,0
DA:218,0
DA:219,0
DA:220,0
DA:221,0
DA:222,0
DA:223,0
DA:224,1
DA:225,1
DA:226,0
DA:227,0
DA:228,0
DA:229,1
DA:230,1
DA:231,1
DA:232,1
DA:233,1
DA:234,1
DA:235,10
DA:236,10
DA:237,10
DA:238,44
DA:239,44
DA:240,44
DA:241,0
DA:242,0
DA:243,0
DA:244,0
DA:245,0
DA:246,0
DA:247,44
DA:248,44
DA:249,10
DA:250,10
DA:251,10
DA:252,1
DA:253,1
DA:254,0
DA:255,0
DA:256,0
DA:257,0
DA:258,0
DA:259,1
DA:260,1
DA:261,0
DA:262,0
DA:263,1
DA:264,1
DA:265,1
LF:265
LH:226
BRDA:48,0,0,6
BRDA:53,1,0,0
BRDA:54,2,0,0
BRDA:66,3,0,48
BRDA:73,4,0,7
BRDA:77,5,0,1
BRDA:82,6,0,31
BRDA:83,7,0,10
BRDA:86,8,0,16
BRDA:87,9,0,44
BRDA:97,10,0,31
BRDA:103,11,0,1
BRDA:103,12,0,30
BRDA:115,13,0,1
BRDA:125,14,0,30
BRDA:134,15,0,28
BRDA:144,16,0,3
BRDA:152,17,0,10
BRDA:196,18,0,22
BRDA:205,19,0,1
BRDA:230,20,0,1
BRDA:234,21,0,10
BRDA:237,22,0,44
BRDA:240,23,0,0
BRF:24
BRH:21
end_of_record
